[lbvboot.log]
0=OS version: 602 
1=lv mode: -1, OEM id: 0
2=Key #: -1
3=LabelView BootLog Started.
4=App built on ->
5=Jun 23 2021
6=Start initializing application...
7=Application initialized.
8=Start initializing DB Libarary...
9=DB Libarary Initialized.
10=Start initializing configuration...
11=language: 15
12=UNIT: mm
13=GetWinDefaultPrinter() ->
14=\\AB\HP Universal Printing PCL 6,winspool,Ne04:
15=printer_id: 513
16=serial file path: D:\LVWIN60\
17=picklist file path: D:\LVWIN60\
18=miscellaneous file path: D:\LVWIN60\MISC\
19=text file path: D:\LVWIN60\TXT\
20=picture file path: \\SERVER\work\common_alexey\datamax_labels\PCX\
21=Print Station Path: Z:\COMMON_ALEXEY\DATAMAX_LABELS\SAMPLES\
22=DataBase path: C:\Users\SK\Desktop\Bars\Bases\
23=ODBC DSN: dBASE Files, ODBC Userid: 
24=label path: C:\Users\SK\Desktop\bars\Labels\
25=printer_drv: winspool
26=port: Ne02:
27=printer_name: DATAMAX DMX E-4203
28=NT printer_name: DATAMAX DMX E-4203
29=ini correct: TRUE
30=Configuration initialized.
31=Logon finished.
32=Start initializing instance...
33=Instance initialized.
34=Commandline parsed. Init done.
35=Begin detecting keys ......
36=Detecting old software key ......
37=Detecting Alladin key ......
38=lv_mode = -1
39=Splash Screen closed
40=Main Window created.
